<?xml version="1.0" encoding="UTF-8"?>
<!-- Generated by org.testng.reporters.JUnitReportReporter -->
<testsuite hostname="LAPTOP-TI0RNES2" failures="0" tests="1" name="testNG_programs.TestCase_4" time="11.735" errors="0" timestamp="2024-07-02T15:02:14 IST" skipped="0">
  <testcase classname="testNG_programs.TestCase_4" name="ebay" time="11.735"/>
  <system-out>
    <![CDATA[Electronics, Cars, Fashion, Collectibles & More | eBay
https://www.ebay.com/]]>
  </system-out>
</testsuite> <!-- testNG_programs.TestCase_4 -->
