<?xml version="1.0" encoding="UTF-8"?>
<!-- Generated by org.testng.reporters.JUnitReportReporter -->
<testsuite hostname="LAPTOP-TI0RNES2" failures="0" tests="1" name="testNG_programs.TestCase_2" time="13.533" errors="0" timestamp="2024-07-02T15:02:14 IST" skipped="0">
  <testcase classname="testNG_programs.TestCase_2" name="instagramLogin" time="13.533"/>
  <system-out>
    <![CDATA[Instagram
https://www.instagram.com/]]>
  </system-out>
</testsuite> <!-- testNG_programs.TestCase_2 -->
