<?xml version="1.0" encoding="UTF-8"?>
<!-- Generated by org.testng.reporters.JUnitReportReporter -->
<testsuite hostname="LAPTOP-TI0RNES2" failures="0" tests="4" name="testNG_programs.Test2" time="0.008" errors="0" timestamp="2024-07-01T17:31:04 IST" skipped="0">
  <testcase classname="testNG_programs.Test2" name="settings" time="0.006"/>
  <system-out>
    <![CDATA[settings]]>
  </system-out>
  <testcase classname="testNG_programs.Test2" name="images" time="0.000"/>
  <system-out>
    <![CDATA[images]]>
  </system-out>
  <testcase classname="testNG_programs.Test2" name="chats" time="0.001"/>
  <system-out>
    <![CDATA[chats]]>
  </system-out>
  <testcase classname="testNG_programs.Test2" name="calls" time="0.001"/>
  <system-out>
    <![CDATA[calls]]>
  </system-out>
</testsuite> <!-- testNG_programs.Test2 -->
