<?xml version="1.0" encoding="UTF-8"?>
<!-- Generated by org.testng.reporters.JUnitReportReporter -->
<testsuite hostname="LAPTOP-TI0RNES2" failures="0" tests="1" name="testNG_programs.Test14" time="0.007" errors="0" timestamp="2024-07-02T15:51:49 IST" skipped="0">
  <testcase classname="testNG_programs.Test14" name="deleteCustomer" time="0.007"/>
  <system-out>
    <![CDATA[deleteCustomer]]>
  </system-out>
</testsuite> <!-- testNG_programs.Test14 -->
