<?xml version="1.0" encoding="UTF-8"?>
<!-- Generated by org.testng.reporters.JUnitReportReporter -->
<testsuite hostname="LAPTOP-TI0RNES2" failures="0" tests="1" name="testNG_programs.TestCase_11" time="0.000" errors="0" timestamp="2024-07-04T17:59:46 IST" skipped="1">
  <testcase classname="testNG_programs.TestCase_11" name="faceBook" time="0.000">
    <skipped/>
  </testcase> <!-- faceBook -->
  <system-out/>
</testsuite> <!-- testNG_programs.TestCase_11 -->
