<?xml version="1.0" encoding="UTF-8"?>
<!-- Generated by org.testng.reporters.JUnitReportReporter -->
<testsuite hostname="LAPTOP-TI0RNES2" failures="0" tests="5" name="testNG_programs.Test4" time="0.009" errors="0" timestamp="2024-07-02T15:47:08 IST" skipped="1">
  <testcase classname="testNG_programs.Test4" name="chats" time="0.006"/>
  <system-out>
    <![CDATA[chats]]>
  </system-out>
  <testcase classname="testNG_programs.Test4" name="settings" time="0.001"/>
  <system-out>
    <![CDATA[settings]]>
  </system-out>
  <testcase classname="testNG_programs.Test4" name="settings" time="0.001"/>
  <system-out>
    <![CDATA[settings]]>
  </system-out>
  <testcase classname="testNG_programs.Test4" name="settings" time="0.001"/>
  <system-out>
    <![CDATA[settings]]>
  </system-out>
  <testcase classname="testNG_programs.Test4" name="images">
    <skipped/>
  </testcase> <!-- images -->
  <system-out/>
</testsuite> <!-- testNG_programs.Test4 -->
