<?xml version="1.0" encoding="UTF-8"?>
<!-- Generated by org.testng.reporters.JUnitReportReporter -->
<testsuite hostname="LAPTOP-TI0RNES2" failures="0" tests="1" name="testNG_programs.Test13" time="0.006" errors="0" timestamp="2024-07-02T15:44:15 IST" skipped="0">
  <testcase classname="testNG_programs.Test13" name="deleteCustomer" time="0.006"/>
  <system-out>
    <![CDATA[deleteCustomer]]>
  </system-out>
</testsuite> <!-- testNG_programs.Test13 -->
