<?xml version="1.0" encoding="UTF-8"?>
<!-- Generated by org.testng.reporters.JUnitReportReporter -->
<testsuite hostname="LAPTOP-TI0RNES2" failures="0" tests="4" name="testNG_programs.TestCase_10" time="50.624" errors="0" timestamp="2024-07-04T18:11:31 IST" skipped="0">
  <testcase classname="testNG_programs.TestCase_10" name="faceBook" time="16.262"/>
  <system-out>
    <![CDATA[on test Start
Facebook – log in or sign up
https://www.facebook.com/login/?privacy_mutation_token=eyJ0eXBlIjowLCJjcmVhdGlvbl90aW1lIjoxNzIwMDk2ODQzLCJjYWxsc2l0ZV9pZCI6MzgxMjI5MDc5NTc1OTQ2fQ%3D%3D&next
on test Success]]>
  </system-out>
  <testcase classname="testNG_programs.TestCase_10" name="faceBook" time="11.239"/>
  <system-out>
    <![CDATA[on test Start
Log in to Facebook
https://www.facebook.com/login/?privacy_mutation_token=eyJ0eXBlIjowLCJjcmVhdGlvbl90aW1lIjoxNzIwMDk2ODgzLCJjYWxsc2l0ZV9pZCI6MzgxMjI5MDc5NTc1OTQ2fQ%3D%3D&next
on test Success]]>
  </system-out>
  <testcase classname="testNG_programs.TestCase_10" name="faceBook" time="14.598"/>
  <system-out>
    <![CDATA[on test Start
Facebook – log in or sign up
https://www.facebook.com/login/?privacy_mutation_token=eyJ0eXBlIjowLCJjcmVhdGlvbl90aW1lIjoxNzIwMDk2ODY4LCJjYWxsc2l0ZV9pZCI6MzgxMjI5MDc5NTc1OTQ2fQ%3D%3D&next
on test Success]]>
  </system-out>
  <testcase classname="testNG_programs.TestCase_10" name="faceBook" time="8.525"/>
  <system-out>
    <![CDATA[on test Start
Log in to Facebook
https://www.facebook.com/login/?privacy_mutation_token=eyJ0eXBlIjowLCJjcmVhdGlvbl90aW1lIjoxNzIwMDk2ODU3LCJjYWxsc2l0ZV9pZCI6MzgxMjI5MDc5NTc1OTQ2fQ%3D%3D&next
on test Success]]>
  </system-out>
</testsuite> <!-- testNG_programs.TestCase_10 -->
