<?xml version="1.0" encoding="UTF-8"?>
<!-- Generated by org.testng.reporters.JUnitReportReporter -->
<testsuite hostname="LAPTOP-TI0RNES2" failures="0" tests="1" name="testNG_programs.Test6" time="0.004" errors="0" timestamp="2024-07-02T11:49:57 IST" skipped="0">
  <testcase classname="testNG_programs.Test6" name="test" time="0.004"/>
  <system-out>
    <![CDATA[From Test Annotation]]>
  </system-out>
</testsuite> <!-- testNG_programs.Test6 -->
