<?xml version="1.0" encoding="UTF-8"?>
<!-- Generated by org.testng.reporters.JUnitReportReporter -->
<testsuite hostname="LAPTOP-TI0RNES2" failures="0" tests="4" name="testNG_programs.TestCase_9" time="40.015" errors="0" timestamp="2024-07-02T16:17:18 IST" skipped="0">
  <testcase classname="testNG_programs.TestCase_9" name="faceBook" time="13.671"/>
  <system-out>
    <![CDATA[Facebook – log in or sign up
https://www.facebook.com/login/?privacy_mutation_token=eyJ0eXBlIjowLCJjcmVhdGlvbl90aW1lIjoxNzE5OTE3MjAyLCJjYWxsc2l0ZV9pZCI6MzgxMjI5MDc5NTc1OTQ2fQ%3D%3D&next]]>
  </system-out>
  <testcase classname="testNG_programs.TestCase_9" name="faceBook" time="8.245"/>
  <system-out>
    <![CDATA[Log in to Facebook
https://www.facebook.com/login/?privacy_mutation_token=eyJ0eXBlIjowLCJjcmVhdGlvbl90aW1lIjoxNzE5OTE3MjEzLCJjYWxsc2l0ZV9pZCI6MzgxMjI5MDc5NTc1OTQ2fQ%3D%3D&next]]>
  </system-out>
  <testcase classname="testNG_programs.TestCase_9" name="faceBook" time="10.304"/>
  <system-out>
    <![CDATA[Facebook – log in or sign up
https://www.facebook.com/login/?privacy_mutation_token=eyJ0eXBlIjowLCJjcmVhdGlvbl90aW1lIjoxNzE5OTE3MjIxLCJjYWxsc2l0ZV9pZCI6MzgxMjI5MDc5NTc1OTQ2fQ%3D%3D&next]]>
  </system-out>
  <testcase classname="testNG_programs.TestCase_9" name="faceBook" time="7.795"/>
  <system-out>
    <![CDATA[Log in to Facebook
https://www.facebook.com/login/?privacy_mutation_token=eyJ0eXBlIjowLCJjcmVhdGlvbl90aW1lIjoxNzE5OTE3MjMxLCJjYWxsc2l0ZV9pZCI6MzgxMjI5MDc5NTc1OTQ2fQ%3D%3D&next]]>
  </system-out>
</testsuite> <!-- testNG_programs.TestCase_9 -->
