<?xml version="1.0" encoding="UTF-8"?>
<!-- Generated by org.testng.reporters.JUnitReportReporter -->
<testsuite hostname="LAPTOP-TI0RNES2" failures="0" tests="1" name="testNG_programs.Test0" time="0.008" errors="0" timestamp="2024-07-01T17:29:47 IST" skipped="0">
  <testcase classname="testNG_programs.Test0" name="tc1" time="0.008"/>
  <system-out>
    <![CDATA[Hello Java
Hello Selenium]]>
  </system-out>
</testsuite> <!-- testNG_programs.Test0 -->
