<?xml version="1.0" encoding="UTF-8"?>
<!-- Generated by org.testng.reporters.JUnitReportReporter -->
<testsuite hostname="LAPTOP-TI0RNES2" failures="0" tests="2" name="testNG_programs.Test12" time="0.008" errors="0" timestamp="2024-07-02T15:41:39 IST" skipped="0">
  <testcase classname="testNG_programs.Test12" name="updateCustomer" time="0.003"/>
  <system-out>
    <![CDATA[updateCustomer]]>
  </system-out>
  <testcase classname="testNG_programs.Test12" name="createCustomer" time="0.005"/>
  <system-out>
    <![CDATA[createCustomer]]>
  </system-out>
</testsuite> <!-- testNG_programs.Test12 -->
