<?xml version="1.0" encoding="UTF-8"?>
<!-- Generated by org.testng.reporters.JUnitReportReporter -->
<testsuite hostname="LAPTOP-TI0RNES2" failures="0" tests="2" name="testNG_programs.TestCase_8" time="19.857" errors="0" timestamp="2024-07-02T15:00:58 IST" skipped="0">
  <testcase classname="testNG_programs.TestCase_8" name="instagramLogin" time="10.986"/>
  <system-out>
    <![CDATA[Instagram
https://www.instagram.com/]]>
  </system-out>
  <testcase classname="testNG_programs.TestCase_8" name="instagramLogin" time="8.871"/>
  <system-out>
    <![CDATA[Instagram
https://www.instagram.com/]]>
  </system-out>
</testsuite> <!-- testNG_programs.TestCase_8 -->
