<?xml version="1.0" encoding="UTF-8"?>
<!-- Generated by org.testng.reporters.JUnitReportReporter -->
<testsuite hostname="LAPTOP-TI0RNES2" failures="0" tests="2" name="testNG_programs.TestCase_6" time="33.245" errors="0" timestamp="2024-07-02T15:00:58 IST" skipped="0">
  <testcase classname="testNG_programs.TestCase_6" name="skillRary" time="14.741"/>
  <system-out>
    <![CDATA[SkillRary Courses
https://demoapp.skillrary.com/]]>
  </system-out>
  <testcase classname="testNG_programs.TestCase_6" name="skillRary" time="18.504"/>
  <system-out>
    <![CDATA[SkillRary Courses
https://demoapp.skillrary.com/]]>
  </system-out>
</testsuite> <!-- testNG_programs.TestCase_6 -->
