<?xml version="1.0" encoding="UTF-8"?>
<!-- Generated by org.testng.reporters.JUnitReportReporter -->
<testsuite hostname="LAPTOP-TI0RNES2" failures="0" tests="2" name="testNG_programs.TestCase_5" time="35.452" errors="0" timestamp="2024-07-02T15:00:58 IST" skipped="0">
  <testcase classname="testNG_programs.TestCase_5" name="facebookLogin" time="16.611"/>
  <system-out>
    <![CDATA[Facebook – log in or sign up
https://www.facebook.com/login/?privacy_mutation_token=eyJ0eXBlIjowLCJjcmVhdGlvbl90aW1lIjoxNzE5OTEyNjAwLCJjYWxsc2l0ZV9pZCI6MzgxMjI5MDc5NTc1OTQ2fQ%3D%3D&next]]>
  </system-out>
  <testcase classname="testNG_programs.TestCase_5" name="facebookLogin" time="18.841"/>
  <system-out>
    <![CDATA[Facebook – log in or sign up
https://www.facebook.com/login/?privacy_mutation_token=eyJ0eXBlIjowLCJjcmVhdGlvbl90aW1lIjoxNzE5OTEyNjAzLCJjYWxsc2l0ZV9pZCI6MzgxMjI5MDc5NTc1OTQ2fQ%3D%3D&next]]>
  </system-out>
</testsuite> <!-- testNG_programs.TestCase_5 -->
